[32m[I 2023-05-18 11:48:40,797][0m A new study created in memory with name: no-name-3b2b3e5d-416b-4cfe-9055-c39262f92ffc[0m
[32m[I 2023-05-18 11:48:53,147][0m Trial 0 finished with value: 0.18160812556743622 and parameters: {'n_layers': 2, 'n_units_l0': 59, 'n_units_l1': 7, 'learning_rate': 0.02789342365358807}. Best is trial 0 with value: 0.18160812556743622.[0m
[32m[I 2023-05-18 11:49:32,104][0m Trial 1 finished with value: 0.20673929154872894 and parameters: {'n_layers': 3, 'n_units_l0': 3, 'n_units_l1': 19, 'n_units_l2': 103, 'learning_rate': 1.8788073945906944e-05}. Best is trial 0 with value: 0.18160812556743622.[0m
[32m[I 2023-05-18 11:51:10,242][0m Trial 2 finished with value: 0.1534300595521927 and parameters: {'n_layers': 3, 'n_units_l0': 11, 'n_units_l1': 61, 'n_units_l2': 98, 'learning_rate': 0.00032249054612351776}. Best is trial 2 with value: 0.1534300595521927.[0m
[32m[I 2023-05-18 11:51:26,885][0m Trial 3 finished with value: 0.2472936064004898 and parameters: {'n_layers': 1, 'n_units_l0': 1, 'learning_rate': 0.016067812057785052}. Best is trial 2 with value: 0.1534300595521927.[0m
[32m[I 2023-05-18 11:51:44,263][0m Trial 4 finished with value: 0.17467771470546722 and parameters: {'n_layers': 1, 'n_units_l0': 22, 'learning_rate': 0.0012887647503619384}. Best is trial 2 with value: 0.1534300595521927.[0m
[32m[I 2023-05-18 11:52:27,459][0m Trial 5 finished with value: 0.19162140786647797 and parameters: {'n_layers': 2, 'n_units_l0': 5, 'n_units_l1': 8, 'learning_rate': 0.00013608165219137615}. Best is trial 2 with value: 0.1534300595521927.[0m
[32m[I 2023-05-18 11:52:49,970][0m Trial 6 finished with value: 0.18473590910434723 and parameters: {'n_layers': 2, 'n_units_l0': 108, 'n_units_l1': 9, 'learning_rate': 0.027626005062362995}. Best is trial 2 with value: 0.1534300595521927.[0m
[32m[I 2023-05-18 11:53:02,840][0m Trial 7 finished with value: 0.18403372168540955 and parameters: {'n_layers': 2, 'n_units_l0': 13, 'n_units_l1': 7, 'learning_rate': 0.05617559855017302}. Best is trial 2 with value: 0.1534300595521927.[0m
[32m[I 2023-05-18 11:53:45,959][0m Trial 8 finished with value: 0.1894407719373703 and parameters: {'n_layers': 3, 'n_units_l0': 2, 'n_units_l1': 5, 'n_units_l2': 19, 'learning_rate': 7.97361245463815e-05}. Best is trial 2 with value: 0.1534300595521927.[0m
[32m[I 2023-05-18 11:54:28,653][0m Trial 9 finished with value: 0.1861746609210968 and parameters: {'n_layers': 3, 'n_units_l0': 5, 'n_units_l1': 2, 'n_units_l2': 9, 'learning_rate': 0.0002054501887293207}. Best is trial 2 with value: 0.1534300595521927.[0m
[32m[I 2023-05-18 11:54:46,173][0m Trial 10 finished with value: 0.2592194080352783 and parameters: {'n_layers': 4, 'n_units_l0': 28, 'n_units_l1': 119, 'n_units_l2': 1, 'n_units_l3': 15, 'learning_rate': 0.002232872353268877}. Best is trial 2 with value: 0.1534300595521927.[0m
[32m[I 2023-05-18 11:55:00,430][0m Trial 11 finished with value: 0.17776569724082947 and parameters: {'n_layers': 1, 'n_units_l0': 14, 'learning_rate': 0.0015019160629501846}. Best is trial 2 with value: 0.1534300595521927.[0m
[32m[I 2023-05-18 11:55:56,198][0m Trial 12 finished with value: 0.22513671219348907 and parameters: {'n_layers': 4, 'n_units_l0': 31, 'n_units_l1': 110, 'n_units_l2': 81, 'n_units_l3': 1, 'learning_rate': 0.0005445783382966057}. Best is trial 2 with value: 0.1534300595521927.[0m
[32m[I 2023-05-18 11:56:36,365][0m Trial 13 finished with value: 0.15585218369960785 and parameters: {'n_layers': 1, 'n_units_l0': 15, 'learning_rate': 0.002302667157073525}. Best is trial 2 with value: 0.1534300595521927.[0m
[32m[I 2023-05-18 11:57:05,356][0m Trial 14 finished with value: 0.2618795335292816 and parameters: {'n_layers': 3, 'n_units_l0': 10, 'n_units_l1': 36, 'n_units_l2': 1, 'learning_rate': 0.006776410261884328}. Best is trial 2 with value: 0.1534300595521927.[0m
[32m[I 2023-05-18 11:57:29,687][0m Trial 15 finished with value: 0.56060791015625 and parameters: {'n_layers': 4, 'n_units_l0': 6, 'n_units_l1': 1, 'n_units_l2': 27, 'n_units_l3': 126, 'learning_rate': 0.004327931222764705}. Best is trial 2 with value: 0.1534300595521927.[0m
[32m[I 2023-05-18 11:57:45,793][0m Trial 16 finished with value: 0.1802416294813156 and parameters: {'n_layers': 1, 'n_units_l0': 71, 'learning_rate': 0.00042278598921836327}. Best is trial 2 with value: 0.1534300595521927.[0m
[32m[I 2023-05-18 11:58:25,338][0m Trial 17 finished with value: 0.236545592546463 and parameters: {'n_layers': 2, 'n_units_l0': 2, 'n_units_l1': 35, 'learning_rate': 2.655060021130009e-05}. Best is trial 2 with value: 0.1534300595521927.[0m
[32m[I 2023-05-18 11:59:19,418][0m Trial 18 finished with value: 0.2618385851383209 and parameters: {'n_layers': 3, 'n_units_l0': 45, 'n_units_l1': 48, 'n_units_l2': 4, 'learning_rate': 5.160564357316506e-05}. Best is trial 2 with value: 0.1534300595521927.[0m
[32m[I 2023-05-18 12:00:09,703][0m Trial 19 finished with value: 0.26001083850860596 and parameters: {'n_layers': 4, 'n_units_l0': 18, 'n_units_l1': 19, 'n_units_l2': 41, 'n_units_l3': 1, 'learning_rate': 0.00031750331462701895}. Best is trial 2 with value: 0.1534300595521927.[0m
[32m[I 2023-05-18 12:00:31,212][0m Trial 20 finished with value: 0.15872545540332794 and parameters: {'n_layers': 1, 'n_units_l0': 8, 'learning_rate': 0.005812402372807282}. Best is trial 2 with value: 0.1534300595521927.[0m
[32m[I 2023-05-18 12:01:03,873][0m Trial 21 finished with value: 0.15694130957126617 and parameters: {'n_layers': 1, 'n_units_l0': 8, 'learning_rate': 0.004303512470467421}. Best is trial 2 with value: 0.1534300595521927.[0m
[32m[I 2023-05-18 12:01:40,102][0m Trial 22 finished with value: 0.1997898370027542 and parameters: {'n_layers': 1, 'n_units_l0': 3, 'learning_rate': 0.0007019663168441533}. Best is trial 2 with value: 0.1534300595521927.[0m
[32m[I 2023-05-18 12:02:10,941][0m Trial 23 finished with value: 0.262282133102417 and parameters: {'n_layers': 2, 'n_units_l0': 8, 'n_units_l1': 3, 'learning_rate': 0.0028360207173943395}. Best is trial 2 with value: 0.1534300595521927.[0m
[32m[I 2023-05-18 12:02:23,562][0m Trial 24 finished with value: 0.16599228978157043 and parameters: {'n_layers': 1, 'n_units_l0': 14, 'learning_rate': 0.011804937068952042}. Best is trial 2 with value: 0.1534300595521927.[0m
[32m[I 2023-05-18 12:03:15,349][0m Trial 25 finished with value: 0.15268057584762573 and parameters: {'n_layers': 2, 'n_units_l0': 31, 'n_units_l1': 68, 'learning_rate': 0.0010074602914576613}. Best is trial 25 with value: 0.15268057584762573.[0m
[32m[I 2023-05-18 12:03:45,989][0m Trial 26 finished with value: 0.21756069362163544 and parameters: {'n_layers': 3, 'n_units_l0': 28, 'n_units_l1': 59, 'n_units_l2': 4, 'learning_rate': 0.000892563280846897}. Best is trial 25 with value: 0.15268057584762573.[0m
[32m[I 2023-05-18 12:04:41,750][0m Trial 27 finished with value: 0.15275444090366364 and parameters: {'n_layers': 2, 'n_units_l0': 40, 'n_units_l1': 22, 'learning_rate': 0.00020587183774720746}. Best is trial 25 with value: 0.15268057584762573.[0m
[32m[I 2023-05-18 12:06:07,303][0m Trial 28 finished with value: 0.1558060199022293 and parameters: {'n_layers': 2, 'n_units_l0': 120, 'n_units_l1': 18, 'learning_rate': 0.00013389823088484813}. Best is trial 25 with value: 0.15268057584762573.[0m
[32m[I 2023-05-18 12:07:39,037][0m Trial 29 finished with value: 0.15360291302204132 and parameters: {'n_layers': 2, 'n_units_l0': 60, 'n_units_l1': 71, 'learning_rate': 6.449544480169671e-05}. Best is trial 25 with value: 0.15268057584762573.[0m
[32m[I 2023-05-18 12:08:31,863][0m Trial 30 finished with value: 0.1519984006881714 and parameters: {'n_layers': 3, 'n_units_l0': 36, 'n_units_l1': 27, 'n_units_l2': 10, 'learning_rate': 0.00023116109649357094}. Best is trial 30 with value: 0.1519984006881714.[0m
[32m[I 2023-05-18 12:08:49,397][0m Trial 31 finished with value: 0.1671745926141739 and parameters: {'n_layers': 3, 'n_units_l0': 41, 'n_units_l1': 27, 'n_units_l2': 10, 'learning_rate': 0.0002914003611736705}. Best is trial 30 with value: 0.1519984006881714.[0m
[32m[I 2023-05-18 12:09:46,305][0m Trial 32 finished with value: 0.2538747489452362 and parameters: {'n_layers': 3, 'n_units_l0': 87, 'n_units_l1': 74, 'n_units_l2': 3, 'learning_rate': 0.00017700205844002403}. Best is trial 30 with value: 0.1519984006881714.[0m
[32m[I 2023-05-18 12:10:47,998][0m Trial 33 finished with value: 0.17484354972839355 and parameters: {'n_layers': 3, 'n_units_l0': 44, 'n_units_l1': 26, 'n_units_l2': 52, 'learning_rate': 3.525830886986187e-05}. Best is trial 30 with value: 0.1519984006881714.[0m
[32m[I 2023-05-18 12:11:33,185][0m Trial 34 finished with value: 0.19329684972763062 and parameters: {'n_layers': 2, 'n_units_l0': 35, 'n_units_l1': 14, 'learning_rate': 1.1384420972942032e-05}. Best is trial 30 with value: 0.1519984006881714.[0m
[32m[I 2023-05-18 12:12:21,153][0m Trial 35 finished with value: 0.1597091108560562 and parameters: {'n_layers': 2, 'n_units_l0': 25, 'n_units_l1': 45, 'learning_rate': 9.460026478990644e-05}. Best is trial 30 with value: 0.1519984006881714.[0m
[32m[I 2023-05-18 12:13:12,225][0m Trial 36 finished with value: 0.15219490230083466 and parameters: {'n_layers': 3, 'n_units_l0': 19, 'n_units_l1': 80, 'n_units_l2': 17, 'learning_rate': 0.0004595380835707063}. Best is trial 30 with value: 0.1519984006881714.[0m
[32m[I 2023-05-18 12:13:48,769][0m Trial 37 finished with value: 0.15317285060882568 and parameters: {'n_layers': 3, 'n_units_l0': 22, 'n_units_l1': 84, 'n_units_l2': 15, 'learning_rate': 0.0010837628453281036}. Best is trial 30 with value: 0.1519984006881714.[0m
[32m[I 2023-05-18 12:14:23,894][0m Trial 38 finished with value: 0.16391456127166748 and parameters: {'n_layers': 2, 'n_units_l0': 52, 'n_units_l1': 32, 'learning_rate': 0.0005186061777806335}. Best is trial 30 with value: 0.1519984006881714.[0m
[32m[I 2023-05-18 12:15:24,660][0m Trial 39 finished with value: 0.1565987467765808 and parameters: {'n_layers': 3, 'n_units_l0': 19, 'n_units_l1': 118, 'n_units_l2': 2, 'learning_rate': 0.0003033685010036904}. Best is trial 30 with value: 0.1519984006881714.[0m
[32m[I 2023-05-18 12:16:08,615][0m Trial 40 finished with value: 0.16434019804000854 and parameters: {'n_layers': 2, 'n_units_l0': 81, 'n_units_l1': 46, 'learning_rate': 0.00020497698183023918}. Best is trial 30 with value: 0.1519984006881714.[0m
[32m[I 2023-05-18 12:16:56,108][0m Trial 41 finished with value: 0.15043547749519348 and parameters: {'n_layers': 3, 'n_units_l0': 21, 'n_units_l1': 80, 'n_units_l2': 17, 'learning_rate': 0.0010253398902119821}. Best is trial 41 with value: 0.15043547749519348.[0m
[32m[I 2023-05-18 12:17:14,435][0m Trial 42 finished with value: 0.17838378250598907 and parameters: {'n_layers': 3, 'n_units_l0': 34, 'n_units_l1': 14, 'n_units_l2': 6, 'learning_rate': 0.0015235748847932968}. Best is trial 41 with value: 0.15043547749519348.[0m
[32m[I 2023-05-18 12:19:03,091][0m Trial 43 finished with value: 0.1527104377746582 and parameters: {'n_layers': 3, 'n_units_l0': 59, 'n_units_l1': 87, 'n_units_l2': 16, 'learning_rate': 0.0007742952307976685}. Best is trial 41 with value: 0.15043547749519348.[0m
[32m[I 2023-05-18 12:20:01,189][0m Trial 44 finished with value: 0.16432003676891327 and parameters: {'n_layers': 3, 'n_units_l0': 60, 'n_units_l1': 78, 'n_units_l2': 19, 'learning_rate': 0.00070363338232838}. Best is trial 41 with value: 0.15043547749519348.[0m
[32m[I 2023-05-18 12:20:42,317][0m Trial 45 finished with value: 0.15485908091068268 and parameters: {'n_layers': 3, 'n_units_l0': 19, 'n_units_l1': 92, 'n_units_l2': 12, 'learning_rate': 0.00159871096094504}. Best is trial 41 with value: 0.15043547749519348.[0m
[32m[I 2023-05-18 12:22:00,120][0m Trial 46 finished with value: 0.14966437220573425 and parameters: {'n_layers': 4, 'n_units_l0': 11, 'n_units_l1': 58, 'n_units_l2': 31, 'n_units_l3': 12, 'learning_rate': 0.0008629085819754851}. Best is trial 46 with value: 0.14966437220573425.[0m
[32m[I 2023-05-18 12:22:59,018][0m Trial 47 finished with value: 0.1534469723701477 and parameters: {'n_layers': 4, 'n_units_l0': 12, 'n_units_l1': 57, 'n_units_l2': 32, 'n_units_l3': 13, 'learning_rate': 0.00039588255450099613}. Best is trial 46 with value: 0.14966437220573425.[0m
[32m[I 2023-05-18 12:23:30,572][0m Trial 48 finished with value: 0.15270277857780457 and parameters: {'n_layers': 4, 'n_units_l0': 11, 'n_units_l1': 53, 'n_units_l2': 23, 'n_units_l3': 38, 'learning_rate': 0.0026525277668792355}. Best is trial 46 with value: 0.14966437220573425.[0m
[32m[I 2023-05-18 12:23:55,351][0m Trial 49 finished with value: 0.18353432416915894 and parameters: {'n_layers': 4, 'n_units_l0': 6, 'n_units_l1': 39, 'n_units_l2': 7, 'n_units_l3': 5, 'learning_rate': 0.0011457549653836653}. Best is trial 46 with value: 0.14966437220573425.[0m
[32m[I 2023-05-18 12:25:13,066][0m Trial 50 finished with value: 0.25959718227386475 and parameters: {'n_layers': 4, 'n_units_l0': 17, 'n_units_l1': 64, 'n_units_l2': 44, 'n_units_l3': 4, 'learning_rate': 0.00012409571955560402}. Best is trial 46 with value: 0.14966437220573425.[0m
[32m[I 2023-05-18 12:25:44,481][0m Trial 51 finished with value: 0.17541338503360748 and parameters: {'n_layers': 4, 'n_units_l0': 10, 'n_units_l1': 56, 'n_units_l2': 22, 'n_units_l3': 45, 'learning_rate': 0.0028454911481958518}. Best is trial 46 with value: 0.14966437220573425.[0m
[32m[I 2023-05-18 12:26:19,787][0m Trial 52 finished with value: 0.15730087459087372 and parameters: {'n_layers': 4, 'n_units_l0': 24, 'n_units_l1': 101, 'n_units_l2': 32, 'n_units_l3': 36, 'learning_rate': 0.00201500996361533}. Best is trial 46 with value: 0.14966437220573425.[0m
[32m[I 2023-05-18 12:26:43,013][0m Trial 53 finished with value: 0.17424193024635315 and parameters: {'n_layers': 4, 'n_units_l0': 11, 'n_units_l1': 124, 'n_units_l2': 13, 'n_units_l3': 43, 'learning_rate': 0.0005926885698281478}. Best is trial 46 with value: 0.14966437220573425.[0m
[32m[I 2023-05-18 12:27:13,918][0m Trial 54 finished with value: 0.18651680648326874 and parameters: {'n_layers': 4, 'n_units_l0': 4, 'n_units_l1': 48, 'n_units_l2': 62, 'n_units_l3': 116, 'learning_rate': 0.0040805796800719865}. Best is trial 46 with value: 0.14966437220573425.[0m
[32m[I 2023-05-18 12:27:27,003][0m Trial 55 finished with value: 0.29154035449028015 and parameters: {'n_layers': 4, 'n_units_l0': 1, 'n_units_l1': 65, 'n_units_l2': 26, 'n_units_l3': 17, 'learning_rate': 0.012891057709774598}. Best is trial 46 with value: 0.14966437220573425.[0m
[32m[I 2023-05-18 12:28:02,564][0m Trial 56 finished with value: 0.17540107667446136 and parameters: {'n_layers': 3, 'n_units_l0': 15, 'n_units_l1': 88, 'n_units_l2': 7, 'learning_rate': 0.0011918645747746755}. Best is trial 46 with value: 0.14966437220573425.[0m
[32m[I 2023-05-18 12:28:14,783][0m Trial 57 finished with value: 0.1880401223897934 and parameters: {'n_layers': 3, 'n_units_l0': 22, 'n_units_l1': 30, 'n_units_l2': 11, 'learning_rate': 0.0539499035394968}. Best is trial 46 with value: 0.14966437220573425.[0m
[32m[I 2023-05-18 12:28:45,580][0m Trial 58 finished with value: 0.5606045722961426 and parameters: {'n_layers': 4, 'n_units_l0': 10, 'n_units_l1': 40, 'n_units_l2': 126, 'n_units_l3': 3, 'learning_rate': 0.008163940699202002}. Best is trial 46 with value: 0.14966437220573425.[0m
[32m[I 2023-05-18 12:29:31,212][0m Trial 59 finished with value: 0.1631147414445877 and parameters: {'n_layers': 3, 'n_units_l0': 7, 'n_units_l1': 5, 'n_units_l2': 20, 'learning_rate': 0.0004367664739193991}. Best is trial 46 with value: 0.14966437220573425.[0m
[32m[I 2023-05-18 12:30:00,472][0m Trial 60 finished with value: 0.15942586958408356 and parameters: {'n_layers': 4, 'n_units_l0': 30, 'n_units_l1': 10, 'n_units_l2': 36, 'n_units_l3': 23, 'learning_rate': 0.0018439669703386868}. Best is trial 46 with value: 0.14966437220573425.[0m
[32m[I 2023-05-18 12:31:27,266][0m Trial 61 finished with value: 0.1536264717578888 and parameters: {'n_layers': 3, 'n_units_l0': 51, 'n_units_l1': 54, 'n_units_l2': 16, 'learning_rate': 0.0007611838474864308}. Best is trial 46 with value: 0.14966437220573425.[0m
[32m[I 2023-05-18 12:32:50,525][0m Trial 62 finished with value: 0.15123817324638367 and parameters: {'n_layers': 3, 'n_units_l0': 34, 'n_units_l1': 98, 'n_units_l2': 16, 'learning_rate': 0.0009172257768908546}. Best is trial 46 with value: 0.14966437220573425.[0m
[32m[I 2023-05-18 12:33:59,955][0m Trial 63 finished with value: 0.1511043906211853 and parameters: {'n_layers': 3, 'n_units_l0': 16, 'n_units_l1': 105, 'n_units_l2': 9, 'learning_rate': 0.0009332757665317565}. Best is trial 46 with value: 0.14966437220573425.[0m
[32m[I 2023-05-18 12:35:40,183][0m Trial 64 finished with value: 0.15248769521713257 and parameters: {'n_layers': 3, 'n_units_l0': 16, 'n_units_l1': 102, 'n_units_l2': 9, 'learning_rate': 0.00026339627616285327}. Best is trial 46 with value: 0.14966437220573425.[0m
[32m[I 2023-05-18 12:36:53,674][0m Trial 65 finished with value: 0.1599263846874237 and parameters: {'n_layers': 3, 'n_units_l0': 16, 'n_units_l1': 124, 'n_units_l2': 10, 'learning_rate': 0.0002674075746746054}. Best is trial 46 with value: 0.14966437220573425.[0m
[32m[I 2023-05-18 12:37:51,143][0m Trial 66 finished with value: 0.22943705320358276 and parameters: {'n_layers': 3, 'n_units_l0': 20, 'n_units_l1': 1, 'n_units_l2': 5, 'learning_rate': 0.00040408448737845533}. Best is trial 46 with value: 0.14966437220573425.[0m
[32m[I 2023-05-18 12:38:30,039][0m Trial 67 finished with value: 0.16188599169254303 and parameters: {'n_layers': 3, 'n_units_l0': 26, 'n_units_l1': 91, 'n_units_l2': 9, 'learning_rate': 0.0005417412501197425}. Best is trial 46 with value: 0.14966437220573425.[0m
[32m[I 2023-05-18 12:39:36,283][0m Trial 68 finished with value: 0.1733282506465912 and parameters: {'n_layers': 3, 'n_units_l0': 37, 'n_units_l1': 103, 'n_units_l2': 8, 'learning_rate': 0.0002482123485315279}. Best is trial 46 with value: 0.14966437220573425.[0m
[32m[I 2023-05-18 12:40:42,351][0m Trial 69 finished with value: 0.14991359412670135 and parameters: {'n_layers': 3, 'n_units_l0': 13, 'n_units_l1': 68, 'n_units_l2': 15, 'learning_rate': 0.0009151277667975407}. Best is trial 46 with value: 0.14966437220573425.[0m
[32m[I 2023-05-18 12:41:29,689][0m Trial 70 finished with value: 0.15130990743637085 and parameters: {'n_layers': 3, 'n_units_l0': 13, 'n_units_l1': 76, 'n_units_l2': 14, 'learning_rate': 0.0009171678658490789}. Best is trial 46 with value: 0.14966437220573425.[0m
[32m[I 2023-05-18 12:42:28,801][0m Trial 71 finished with value: 0.15082892775535583 and parameters: {'n_layers': 3, 'n_units_l0': 13, 'n_units_l1': 72, 'n_units_l2': 15, 'learning_rate': 0.000963929613686479}. Best is trial 46 with value: 0.14966437220573425.[0m
[32m[I 2023-05-18 12:43:45,715][0m Trial 72 finished with value: 0.15356050431728363 and parameters: {'n_layers': 3, 'n_units_l0': 13, 'n_units_l1': 69, 'n_units_l2': 12, 'learning_rate': 0.0009501932108594333}. Best is trial 46 with value: 0.14966437220573425.[0m
[32m[I 2023-05-18 12:44:07,337][0m Trial 73 finished with value: 0.16437849402427673 and parameters: {'n_layers': 3, 'n_units_l0': 9, 'n_units_l1': 128, 'n_units_l2': 14, 'learning_rate': 0.0015178408163138383}. Best is trial 46 with value: 0.14966437220573425.[0m
[32m[I 2023-05-18 12:44:51,597][0m Trial 74 finished with value: 0.15412680804729462 and parameters: {'n_layers': 3, 'n_units_l0': 14, 'n_units_l1': 75, 'n_units_l2': 27, 'learning_rate': 0.0006149785116506868}. Best is trial 46 with value: 0.14966437220573425.[0m
[32m[I 2023-05-18 12:45:43,214][0m Trial 75 finished with value: 0.15868280827999115 and parameters: {'n_layers': 3, 'n_units_l0': 8, 'n_units_l1': 41, 'n_units_l2': 19, 'learning_rate': 0.0009028385255352172}. Best is trial 46 with value: 0.14966437220573425.[0m
[32m[I 2023-05-18 12:46:33,103][0m Trial 76 finished with value: 0.17787624895572662 and parameters: {'n_layers': 3, 'n_units_l0': 12, 'n_units_l1': 2, 'n_units_l2': 14, 'learning_rate': 0.001318014504167525}. Best is trial 46 with value: 0.14966437220573425.[0m
[32m[I 2023-05-18 12:47:09,701][0m Trial 77 finished with value: 0.16333308815956116 and parameters: {'n_layers': 3, 'n_units_l0': 7, 'n_units_l1': 22, 'n_units_l2': 6, 'learning_rate': 0.003348245876208256}. Best is trial 46 with value: 0.14966437220573425.[0m
[32m[I 2023-05-18 12:47:37,286][0m Trial 78 finished with value: 0.15492554008960724 and parameters: {'n_layers': 3, 'n_units_l0': 23, 'n_units_l1': 103, 'n_units_l2': 11, 'learning_rate': 0.0022508775942526454}. Best is trial 46 with value: 0.14966437220573425.[0m
[32m[I 2023-05-18 12:49:16,908][0m Trial 79 finished with value: 0.18357877433300018 and parameters: {'n_layers': 3, 'n_units_l0': 5, 'n_units_l1': 63, 'n_units_l2': 17, 'learning_rate': 0.0007746358750707272}. Best is trial 46 with value: 0.14966437220573425.[0m
[32m[I 2023-05-18 12:50:33,070][0m Trial 80 finished with value: 0.15562483668327332 and parameters: {'n_layers': 3, 'n_units_l0': 9, 'n_units_l1': 34, 'n_units_l2': 23, 'learning_rate': 0.00034448627390312975}. Best is trial 46 with value: 0.14966437220573425.[0m
[32m[I 2023-05-18 12:52:16,838][0m Trial 81 finished with value: 0.15029966831207275 and parameters: {'n_layers': 3, 'n_units_l0': 19, 'n_units_l1': 78, 'n_units_l2': 15, 'learning_rate': 0.0005097333191337014}. Best is trial 46 with value: 0.14966437220573425.[0m
[32m[I 2023-05-18 12:53:03,082][0m Trial 82 finished with value: 0.15371081233024597 and parameters: {'n_layers': 3, 'n_units_l0': 28, 'n_units_l1': 77, 'n_units_l2': 14, 'learning_rate': 0.0012562898915300191}. Best is trial 46 with value: 0.14966437220573425.[0m
