[32m[I 2023-05-18 12:54:16,679][0m Trial 83 finished with value: 0.1563594490289688 and parameters: {'n_layers': 3, 'n_units_l0': 17, 'n_units_l1': 50, 'n_units_l2': 8, 'learning_rate': 0.00016016404450940549}. Best is trial 46 with value: 0.14966437220573425.[0m
[32m[I 2023-05-18 12:55:09,836][0m Trial 84 finished with value: 0.14892639219760895 and parameters: {'n_layers': 3, 'n_units_l0': 21, 'n_units_l1': 91, 'n_units_l2': 18, 'learning_rate': 0.001789269014060824}. Best is trial 84 with value: 0.14892639219760895.[0m
[32m[I 2023-05-18 12:56:30,194][0m Trial 85 finished with value: 0.148507758975029 and parameters: {'n_layers': 3, 'n_units_l0': 21, 'n_units_l1': 106, 'n_units_l2': 18, 'learning_rate': 0.0008829580164495736}. Best is trial 85 with value: 0.148507758975029.[0m
[32m[I 2023-05-18 12:57:18,944][0m Trial 86 finished with value: 0.1492212414741516 and parameters: {'n_layers': 3, 'n_units_l0': 20, 'n_units_l1': 108, 'n_units_l2': 28, 'learning_rate': 0.0017103797804057476}. Best is trial 85 with value: 0.148507758975029.[0m
[32m[I 2023-05-18 12:58:14,628][0m Trial 87 finished with value: 0.14883294701576233 and parameters: {'n_layers': 3, 'n_units_l0': 22, 'n_units_l1': 115, 'n_units_l2': 29, 'learning_rate': 0.0018241157101267173}. Best is trial 85 with value: 0.148507758975029.[0m
[32m[I 2023-05-18 12:58:59,015][0m Trial 88 finished with value: 0.15080766379833221 and parameters: {'n_layers': 3, 'n_units_l0': 21, 'n_units_l1': 112, 'n_units_l2': 29, 'learning_rate': 0.0018179100892537147}. Best is trial 85 with value: 0.148507758975029.[0m
[32m[I 2023-05-18 12:59:40,429][0m Trial 89 finished with value: 0.1549864411354065 and parameters: {'n_layers': 3, 'n_units_l0': 20, 'n_units_l1': 116, 'n_units_l2': 52, 'learning_rate': 0.005324205216209383}. Best is trial 85 with value: 0.148507758975029.[0m
[32m[I 2023-05-18 13:00:23,621][0m Trial 90 finished with value: 0.1510392427444458 and parameters: {'n_layers': 3, 'n_units_l0': 26, 'n_units_l1': 86, 'n_units_l2': 31, 'learning_rate': 0.0032690323315676516}. Best is trial 85 with value: 0.148507758975029.[0m
[32m[I 2023-05-18 13:01:11,305][0m Trial 91 finished with value: 0.15192505717277527 and parameters: {'n_layers': 3, 'n_units_l0': 20, 'n_units_l1': 63, 'n_units_l2': 42, 'learning_rate': 0.001966149894455005}. Best is trial 85 with value: 0.148507758975029.[0m
[32m[I 2023-05-18 13:01:52,617][0m Trial 92 finished with value: 0.14911116659641266 and parameters: {'n_layers': 3, 'n_units_l0': 23, 'n_units_l1': 112, 'n_units_l2': 27, 'learning_rate': 0.0017046105997057636}. Best is trial 85 with value: 0.148507758975029.[0m
[32m[I 2023-05-18 13:02:44,719][0m Trial 93 finished with value: 0.14973141252994537 and parameters: {'n_layers': 3, 'n_units_l0': 22, 'n_units_l1': 112, 'n_units_l2': 27, 'learning_rate': 0.0015153855389966316}. Best is trial 85 with value: 0.148507758975029.[0m
[32m[I 2023-05-18 13:03:33,187][0m Trial 94 finished with value: 0.14987128973007202 and parameters: {'n_layers': 3, 'n_units_l0': 24, 'n_units_l1': 93, 'n_units_l2': 24, 'learning_rate': 0.0024352639869323137}. Best is trial 85 with value: 0.148507758975029.[0m
[32m[I 2023-05-18 13:04:07,478][0m Trial 95 finished with value: 0.14764603972434998 and parameters: {'n_layers': 2, 'n_units_l0': 24, 'n_units_l1': 92, 'learning_rate': 0.002618239735357655}. Best is trial 95 with value: 0.14764603972434998.[0m
[32m[I 2023-05-18 13:04:50,593][0m Trial 96 finished with value: 0.1486055701971054 and parameters: {'n_layers': 2, 'n_units_l0': 31, 'n_units_l1': 116, 'learning_rate': 0.0025056192172169416}. Best is trial 95 with value: 0.14764603972434998.[0m
[32m[I 2023-05-18 13:05:15,700][0m Trial 97 finished with value: 0.1491362601518631 and parameters: {'n_layers': 2, 'n_units_l0': 31, 'n_units_l1': 125, 'learning_rate': 0.0024259490135513525}. Best is trial 95 with value: 0.14764603972434998.[0m
[32m[I 2023-05-18 13:05:52,342][0m Trial 98 finished with value: 0.1533409059047699 and parameters: {'n_layers': 2, 'n_units_l0': 31, 'n_units_l1': 114, 'learning_rate': 0.003698758209654287}. Best is trial 95 with value: 0.14764603972434998.[0m
[32m[I 2023-05-18 13:06:33,543][0m Trial 99 finished with value: 0.15441283583641052 and parameters: {'n_layers': 2, 'n_units_l0': 47, 'n_units_l1': 128, 'learning_rate': 0.005050492897299339}. Best is trial 95 with value: 0.14764603972434998.[0m
